# JRE version: Java(TM) SE Runtime Environment (17.0.12+8) (build 17.0.12+8-LTS-286)
# Java VM: Java HotSpot(TM) 64-Bit Server VM (17.0.12+8-LTS-286, mixed mode, sharing, tiered, compressed oops, compressed class ptrs, g1 gc, windows-amd64)
GC Precious Log:
 CPUs: 8 total, 8 available
 Memory: 8108M
 Large Page Support: Disabled
 NUMA Support: Disabled
 Compressed Oops: Enabled (32-bit)
 Heap Region Size: 1M
 Heap Min Capacity: 8M
 Heap Initial Capacity: 128M
 Heap Max Capacity: 2028M
 Pre-touch: Disabled
 Parallel Workers: 8
 Concurrent Workers: 2
 Concurrent Refinement Workers: 8
 Periodic GC: Disabled
Heap:
 garbage-first heap   total 161792K, used 79454K [0x0000000081400000, 0x0000000100000000)
  region size 1024K, 32 young (32768K), 1 survivors (1024K)
 Metaspace       used 49484K, committed 49792K, reserved 1114112K
  class space    used 5539K, committed 5696K, reserved 1048576K
GC Heap History (20 events):
Event: 16.128 GC heap before
{Heap before GC invocations=8 (full 0):
 garbage-first heap   total 51200K, used 21942K [0x0000000081400000, 0x0000000100000000)
  region size 1024K, 6 young (6144K), 2 survivors (2048K)
 Metaspace       used 35743K, committed 35968K, reserved 1114112K
  class space    used 4289K, committed 4416K, reserved 1048576K
}
Event: 16.135 GC heap after
{Heap after GC invocations=9 (full 0):
 garbage-first heap   total 51200K, used 19016K [0x0000000081400000, 0x0000000100000000)
  region size 1024K, 2 young (2048K), 2 survivors (2048K)
 Metaspace       used 35743K, committed 35968K, reserved 1114112K
  class space    used 4289K, committed 4416K, reserved 1048576K
}
Event: 16.586 GC heap before
{Heap before GC invocations=10 (full 0):
 garbage-first heap   total 51200K, used 38472K [0x0000000081400000, 0x0000000100000000)
  region size 1024K, 21 young (21504K), 2 survivors (2048K)
 Metaspace       used 36350K, committed 36608K, reserved 1114112K
  class space    used 4354K, committed 4480K, reserved 1048576K
}
Event: 16.601 GC heap after
{Heap after GC invocations=11 (full 0):
 garbage-first heap   total 51200K, used 25946K [0x0000000081400000, 0x0000000100000000)
  region size 1024K, 3 young (3072K), 3 survivors (3072K)
 Metaspace       used 36350K, committed 36608K, reserved 1114112K
  class space    used 4354K, committed 4480K, reserved 1048576K
}
Event: 16.621 GC heap before
{Heap before GC invocations=11 (full 0):
 garbage-first heap   total 51200K, used 26970K [0x0000000081400000, 0x0000000100000000)
  region size 1024K, 4 young (4096K), 3 survivors (3072K)
 Metaspace       used 36353K, committed 36608K, reserved 1114112K
  class space    used 4354K, committed 4480K, reserved 1048576K
}
Event: 16.631 GC heap after
{Heap after GC invocations=12 (full 0):
 garbage-first heap   total 73728K, used 26761K [0x0000000081400000, 0x0000000100000000)
  region size 1024K, 1 young (1024K), 1 survivors (1024K)
 Metaspace       used 36353K, committed 36608K, reserved 1114112K
  class space    used 4354K, committed 4480K, reserved 1048576K
}
Event: 17.116 GC heap before
{Heap before GC invocations=12 (full 0):
 garbage-first heap   total 73728K, used 51337K [0x0000000081400000, 0x0000000100000000)
  region size 1024K, 26 young (26624K), 1 survivors (1024K)
 Metaspace       used 38423K, committed 38720K, reserved 1114112K
  class space    used 4588K, committed 4736K, reserved 1048576K
}
Event: 17.132 GC heap after
{Heap after GC invocations=13 (full 0):
 garbage-first heap   total 73728K, used 33136K [0x0000000081400000, 0x0000000100000000)
  region size 1024K, 4 young (4096K), 4 survivors (4096K)
 Metaspace       used 38423K, committed 38720K, reserved 1114112K
  class space    used 4588K, committed 4736K, reserved 1048576K
}
Event: 18.607 GC heap before
{Heap before GC invocations=13 (full 0):
 garbage-first heap   total 73728K, used 51568K [0x0000000081400000, 0x0000000100000000)
  region size 1024K, 23 young (23552K), 4 survivors (4096K)
 Metaspace       used 42086K, committed 42368K, reserved 1114112K
  class space    used 4989K, committed 5120K, reserved 1048576K
}
Event: 18.621 GC heap after
{Heap after GC invocations=14 (full 0):
 garbage-first heap   total 73728K, used 35687K [0x0000000081400000, 0x0000000100000000)
  region size 1024K, 3 young (3072K), 3 survivors (3072K)
 Metaspace       used 42086K, committed 42368K, reserved 1114112K
  class space    used 4989K, committed 5120K, reserved 1048576K
}
Event: 20.653 GC heap before
{Heap before GC invocations=14 (full 0):
 garbage-first heap   total 73728K, used 54119K [0x0000000081400000, 0x0000000100000000)
  region size 1024K, 21 young (21504K), 3 survivors (3072K)
 Metaspace       used 43354K, committed 43712K, reserved 1114112K
  class space    used 5084K, committed 5248K, reserved 1048576K
}
Event: 20.674 GC heap after
{Heap after GC invocations=15 (full 0):
 garbage-first heap   total 73728K, used 39936K [0x0000000081400000, 0x0000000100000000)
  region size 1024K, 3 young (3072K), 3 survivors (3072K)
 Metaspace       used 43354K, committed 43712K, reserved 1114112K
  class space    used 5084K, committed 5248K, reserved 1048576K
}
Event: 21.849 GC heap before
{Heap before GC invocations=16 (full 0):
 garbage-first heap   total 73728K, used 55296K [0x0000000081400000, 0x0000000100000000)
  region size 1024K, 18 young (18432K), 3 survivors (3072K)
 Metaspace       used 44076K, committed 44352K, reserved 1114112K
  class space    used 5116K, committed 5248K, reserved 1048576K
}
Event: 21.873 GC heap after
{Heap after GC invocations=17 (full 0):
 garbage-first heap   total 73728K, used 43691K [0x0000000081400000, 0x0000000100000000)
  region size 1024K, 3 young (3072K), 3 survivors (3072K)
 Metaspace       used 44076K, committed 44352K, reserved 1114112K
  class space    used 5116K, committed 5248K, reserved 1048576K
}
Event: 22.850 GC heap before
{Heap before GC invocations=17 (full 0):
 garbage-first heap   total 73728K, used 57003K [0x0000000081400000, 0x0000000100000000)
  region size 1024K, 16 young (16384K), 3 survivors (3072K)
 Metaspace       used 44303K, committed 44608K, reserved 1114112K
  class space    used 5126K, committed 5248K, reserved 1048576K
}
Event: 22.866 GC heap after
{Heap after GC invocations=18 (full 0):
 garbage-first heap   total 73728K, used 47448K [0x0000000081400000, 0x0000000100000000)
  region size 1024K, 2 young (2048K), 2 survivors (2048K)
 Metaspace       used 44303K, committed 44608K, reserved 1114112K
  class space    used 5126K, committed 5248K, reserved 1048576K
}
Event: 23.743 GC heap before
{Heap before GC invocations=19 (full 0):
 garbage-first heap   total 80896K, used 56664K [0x0000000081400000, 0x0000000100000000)
  region size 1024K, 12 young (12288K), 2 survivors (2048K)
 Metaspace       used 44693K, committed 44992K, reserved 1114112K
  class space    used 5138K, committed 5312K, reserved 1048576K
}
Event: 23.758 GC heap after
{Heap after GC invocations=20 (full 0):
 garbage-first heap   total 80896K, used 48826K [0x0000000081400000, 0x0000000100000000)
  region size 1024K, 2 young (2048K), 2 survivors (2048K)
 Metaspace       used 44693K, committed 44992K, reserved 1114112K
  class space    used 5138K, committed 5312K, reserved 1048576K
}
Event: 23.882 GC heap before
{Heap before GC invocations=20 (full 0):
 garbage-first heap   total 80896K, used 49850K [0x0000000081400000, 0x0000000100000000)
  region size 1024K, 3 young (3072K), 2 survivors (2048K)
 Metaspace       used 44724K, committed 45056K, reserved 1114112K
  class space    used 5138K, committed 5312K, reserved 1048576K
}
Event: 23.893 GC heap after
{Heap after GC invocations=21 (full 0):
 garbage-first heap   total 161792K, used 48734K [0x0000000081400000, 0x0000000100000000)
  region size 1024K, 1 young (1024K), 1 survivors (1024K)
 Metaspace       used 44724K, committed 45056K, reserved 1114112K
  class space    used 5138K, committed 5312K, reserved 1048576K
}

