# JRE version: Java(TM) SE Runtime Environment (17.0.12+8) (build 17.0.12+8-LTS-286)
# Java VM: Java HotSpot(TM) 64-Bit Server VM (17.0.12+8-LTS-286, mixed mode, sharing, tiered, compressed oops, compressed class ptrs, g1 gc, windows-amd64)
GC Precious Log:
 CPUs: 8 total, 8 available
 Memory: 8108M
 Large Page Support: Disabled
 NUMA Support: Disabled
 Compressed Oops: Enabled (Zero based)
 Heap Region Size: 4M
 Heap Min Capacity: 8M
 Heap Initial Capacity: 128M
 Heap Max Capacity: 8G
 Pre-touch: Disabled
 Parallel Workers: 8
 Concurrent Workers: 2
 Concurrent Refinement Workers: 8
 Periodic GC: Disabled
Heap:
 garbage-first heap   total 413696K, used 219986K [0x0000000600000000, 0x0000000800000000)
  region size 4096K, 6 young (24576K), 4 survivors (16384K)
 Metaspace       used 118085K, committed 119488K, reserved 1179648K
  class space    used 16342K, committed 17024K, reserved 1048576K
GC Heap History (20 events):
Event: 28.143 GC heap before
{Heap before GC invocations=36 (full 0):
 garbage-first heap   total 253952K, used 194971K [0x0000000600000000, 0x0000000800000000)
  region size 4096K, 24 young (98304K), 4 survivors (16384K)
 Metaspace       used 99912K, committed 100800K, reserved 1179648K
  class space    used 14017K, committed 14464K, reserved 1048576K
}
Event: 28.166 GC heap after
{Heap after GC invocations=37 (full 0):
 garbage-first heap   total 253952K, used 125935K [0x0000000600000000, 0x0000000800000000)
  region size 4096K, 3 young (12288K), 3 survivors (12288K)
 Metaspace       used 99912K, committed 100800K, reserved 1179648K
  class space    used 14017K, committed 14464K, reserved 1048576K
}
Event: 28.851 GC heap before
{Heap before GC invocations=37 (full 0):
 garbage-first heap   total 253952K, used 199663K [0x0000000600000000, 0x0000000800000000)
  region size 4096K, 21 young (86016K), 3 survivors (12288K)
 Metaspace       used 100284K, committed 101248K, reserved 1179648K
  class space    used 14054K, committed 14528K, reserved 1048576K
}
Event: 28.881 GC heap after
{Heap after GC invocations=38 (full 0):
 garbage-first heap   total 253952K, used 132740K [0x0000000600000000, 0x0000000800000000)
  region size 4096K, 2 young (8192K), 2 survivors (8192K)
 Metaspace       used 100284K, committed 101248K, reserved 1179648K
  class space    used 14054K, committed 14528K, reserved 1048576K
}
Event: 30.239 GC heap before
{Heap before GC invocations=38 (full 0):
 garbage-first heap   total 253952K, used 202372K [0x0000000600000000, 0x0000000800000000)
  region size 4096K, 19 young (77824K), 2 survivors (8192K)
 Metaspace       used 101295K, committed 102400K, reserved 1179648K
  class space    used 14149K, committed 14656K, reserved 1048576K
}
Event: 30.255 GC heap after
{Heap after GC invocations=39 (full 0):
 garbage-first heap   total 253952K, used 145617K [0x0000000600000000, 0x0000000800000000)
  region size 4096K, 3 young (12288K), 3 survivors (12288K)
 Metaspace       used 101295K, committed 102400K, reserved 1179648K
  class space    used 14149K, committed 14656K, reserved 1048576K
}
Event: 31.215 GC heap before
{Heap before GC invocations=39 (full 0):
 garbage-first heap   total 253952K, used 198865K [0x0000000600000000, 0x0000000800000000)
  region size 4096K, 16 young (65536K), 3 survivors (12288K)
 Metaspace       used 101720K, committed 102848K, reserved 1179648K
  class space    used 14179K, committed 14720K, reserved 1048576K
}
Event: 31.231 GC heap after
{Heap after GC invocations=40 (full 0):
 garbage-first heap   total 344064K, used 154755K [0x0000000600000000, 0x0000000800000000)
  region size 4096K, 2 young (8192K), 2 survivors (8192K)
 Metaspace       used 101720K, committed 102848K, reserved 1179648K
  class space    used 14179K, committed 14720K, reserved 1048576K
}
Event: 32.204 GC heap before
{Heap before GC invocations=40 (full 0):
 garbage-first heap   total 344064K, used 257155K [0x0000000600000000, 0x0000000800000000)
  region size 4096K, 28 young (114688K), 2 survivors (8192K)
 Metaspace       used 101915K, committed 103040K, reserved 1179648K
  class space    used 14193K, committed 14720K, reserved 1048576K
}
Event: 32.251 GC heap after
{Heap after GC invocations=41 (full 0):
 garbage-first heap   total 344064K, used 160514K [0x0000000600000000, 0x0000000800000000)
  region size 4096K, 4 young (16384K), 4 survivors (16384K)
 Metaspace       used 101915K, committed 103040K, reserved 1179648K
  class space    used 14193K, committed 14720K, reserved 1048576K
}
Event: 33.652 GC heap before
{Heap before GC invocations=41 (full 0):
 garbage-first heap   total 344064K, used 267010K [0x0000000600000000, 0x0000000800000000)
  region size 4096K, 30 young (122880K), 4 survivors (16384K)
 Metaspace       used 102239K, committed 103360K, reserved 1179648K
  class space    used 14227K, committed 14784K, reserved 1048576K
}
Event: 33.669 GC heap after
{Heap after GC invocations=42 (full 0):
 garbage-first heap   total 344064K, used 178326K [0x0000000600000000, 0x0000000800000000)
  region size 4096K, 4 young (16384K), 4 survivors (16384K)
 Metaspace       used 102239K, committed 103360K, reserved 1179648K
  class space    used 14227K, committed 14784K, reserved 1048576K
}
Event: 34.926 GC heap before
{Heap before GC invocations=42 (full 0):
 garbage-first heap   total 344064K, used 264342K [0x0000000600000000, 0x0000000800000000)
  region size 4096K, 26 young (106496K), 4 survivors (16384K)
 Metaspace       used 108444K, committed 109632K, reserved 1179648K
  class space    used 15065K, committed 15616K, reserved 1048576K
}
Event: 34.947 GC heap after
{Heap after GC invocations=43 (full 0):
 garbage-first heap   total 344064K, used 186337K [0x0000000600000000, 0x0000000800000000)
  region size 4096K, 2 young (8192K), 2 survivors (8192K)
 Metaspace       used 108444K, committed 109632K, reserved 1179648K
  class space    used 15065K, committed 15616K, reserved 1048576K
}
Event: 36.098 GC heap before
{Heap before GC invocations=43 (full 0):
 garbage-first heap   total 344064K, used 272353K [0x0000000600000000, 0x0000000800000000)
  region size 4096K, 23 young (94208K), 2 survivors (8192K)
 Metaspace       used 111127K, committed 112384K, reserved 1179648K
  class space    used 15443K, committed 16064K, reserved 1048576K
}
Event: 36.120 GC heap after
{Heap after GC invocations=44 (full 0):
 garbage-first heap   total 413696K, used 199606K [0x0000000600000000, 0x0000000800000000)
  region size 4096K, 3 young (12288K), 3 survivors (12288K)
 Metaspace       used 111127K, committed 112384K, reserved 1179648K
  class space    used 15443K, committed 16064K, reserved 1048576K
}
Event: 36.887 GC heap before
{Heap before GC invocations=44 (full 0):
 garbage-first heap   total 413696K, used 240566K [0x0000000600000000, 0x0000000800000000)
  region size 4096K, 14 young (57344K), 3 survivors (12288K)
 Metaspace       used 114117K, committed 115328K, reserved 1179648K
  class space    used 15842K, committed 16448K, reserved 1048576K
}
Event: 36.902 GC heap after
{Heap after GC invocations=45 (full 0):
 garbage-first heap   total 413696K, used 204655K [0x0000000600000000, 0x0000000800000000)
  region size 4096K, 2 young (8192K), 2 survivors (8192K)
 Metaspace       used 114117K, committed 115328K, reserved 1179648K
  class space    used 15842K, committed 16448K, reserved 1048576K
}
Event: 40.772 GC heap before
{Heap before GC invocations=46 (full 0):
 garbage-first heap   total 413696K, used 319343K [0x0000000600000000, 0x0000000800000000)
  region size 4096K, 31 young (126976K), 2 survivors (8192K)
 Metaspace       used 117815K, committed 119104K, reserved 1179648K
  class space    used 16303K, committed 16896K, reserved 1048576K
}
Event: 40.824 GC heap after
{Heap after GC invocations=47 (full 0):
 garbage-first heap   total 413696K, used 215890K [0x0000000600000000, 0x0000000800000000)
  region size 4096K, 4 young (16384K), 4 survivors (16384K)
 Metaspace       used 117815K, committed 119104K, reserved 1179648K
  class space    used 16303K, committed 16896K, reserved 1048576K
}

