# JRE version: Java(TM) SE Runtime Environment (17.0.12+8) (build 17.0.12+8-LTS-286)
# Java VM: Java HotSpot(TM) 64-Bit Server VM (17.0.12+8-LTS-286, mixed mode, sharing, tiered, compressed oops, compressed class ptrs, g1 gc, windows-amd64)
GC Precious Log:
 CPUs: 8 total, 8 available
 Memory: 8108M
 Large Page Support: Disabled
 NUMA Support: Disabled
 Compressed Oops: Enabled (Zero based)
 Heap Region Size: 4M
 Heap Min Capacity: 8M
 Heap Initial Capacity: 128M
 Heap Max Capacity: 8G
 Pre-touch: Disabled
 Parallel Workers: 8
 Concurrent Workers: 2
 Concurrent Refinement Workers: 8
 Periodic GC: Disabled
Heap:
 garbage-first heap   total 692224K, used 316134K [0x0000000600000000, 0x0000000800000000)
  region size 4096K, 2 young (8192K), 2 survivors (8192K)
 Metaspace       used 139388K, committed 140928K, reserved 1179648K
  class space    used 19454K, committed 20160K, reserved 1048576K
GC Heap History (20 events):
Event: 30.552 GC heap after
{Heap after GC invocations=55 (full 0):
 garbage-first heap   total 450560K, used 159823K [0x0000000600000000, 0x0000000800000000)
  region size 4096K, 1 young (4096K), 1 survivors (4096K)
 Metaspace       used 101187K, committed 102336K, reserved 1179648K
  class space    used 14146K, committed 14720K, reserved 1048576K
}
Event: 32.073 GC heap before
{Heap before GC invocations=55 (full 0):
 garbage-first heap   total 450560K, used 335951K [0x0000000600000000, 0x0000000800000000)
  region size 4096K, 44 young (180224K), 1 survivors (4096K)
 Metaspace       used 101474K, committed 102656K, reserved 1179648K
  class space    used 14172K, committed 14720K, reserved 1048576K
}
Event: 32.094 GC heap after
{Heap after GC invocations=56 (full 0):
 garbage-first heap   total 450560K, used 177313K [0x0000000600000000, 0x0000000800000000)
  region size 4096K, 4 young (16384K), 4 survivors (16384K)
 Metaspace       used 101474K, committed 102656K, reserved 1179648K
  class space    used 14172K, committed 14720K, reserved 1048576K
}
Event: 35.614 GC heap before
{Heap before GC invocations=56 (full 0):
 garbage-first heap   total 450560K, used 349345K [0x0000000600000000, 0x0000000800000000)
  region size 4096K, 46 young (188416K), 4 survivors (16384K)
 Metaspace       used 109557K, committed 110848K, reserved 1179648K
  class space    used 15240K, committed 15872K, reserved 1048576K
}
Event: 35.684 GC heap after
{Heap after GC invocations=57 (full 0):
 garbage-first heap   total 450560K, used 199329K [0x0000000600000000, 0x0000000800000000)
  region size 4096K, 6 young (24576K), 6 survivors (24576K)
 Metaspace       used 109557K, committed 110848K, reserved 1179648K
  class space    used 15240K, committed 15872K, reserved 1048576K
}
Event: 40.205 GC heap before
{Heap before GC invocations=57 (full 0):
 garbage-first heap   total 450560K, used 342689K [0x0000000600000000, 0x0000000800000000)
  region size 4096K, 42 young (172032K), 6 survivors (24576K)
 Metaspace       used 116072K, committed 117440K, reserved 1179648K
  class space    used 16131K, committed 16768K, reserved 1048576K
}
Event: 40.302 GC heap after
{Heap after GC invocations=58 (full 0):
 garbage-first heap   total 450560K, used 215982K [0x0000000600000000, 0x0000000800000000)
  region size 4096K, 5 young (20480K), 5 survivors (20480K)
 Metaspace       used 116072K, committed 117440K, reserved 1179648K
  class space    used 16131K, committed 16768K, reserved 1048576K
}
Event: 46.402 GC heap before
{Heap before GC invocations=58 (full 0):
 garbage-first heap   total 450560K, used 351150K [0x0000000600000000, 0x0000000800000000)
  region size 4096K, 39 young (159744K), 5 survivors (20480K)
 Metaspace       used 118382K, committed 119680K, reserved 1179648K
  class space    used 16360K, committed 16960K, reserved 1048576K
}
Event: 46.445 GC heap after
{Heap after GC invocations=59 (full 0):
 garbage-first heap   total 540672K, used 223553K [0x0000000600000000, 0x0000000800000000)
  region size 4096K, 2 young (8192K), 2 survivors (8192K)
 Metaspace       used 118382K, committed 119680K, reserved 1179648K
  class space    used 16360K, committed 16960K, reserved 1048576K
}
Event: 51.354 GC heap before
{Heap before GC invocations=59 (full 0):
 garbage-first heap   total 540672K, used 428353K [0x0000000600000000, 0x0000000800000000)
  region size 4096K, 52 young (212992K), 2 survivors (8192K)
 Metaspace       used 120033K, committed 121472K, reserved 1179648K
  class space    used 16525K, committed 17216K, reserved 1048576K
}
Event: 51.373 GC heap after
{Heap after GC invocations=60 (full 0):
 garbage-first heap   total 540672K, used 235262K [0x0000000600000000, 0x0000000800000000)
  region size 4096K, 5 young (20480K), 5 survivors (20480K)
 Metaspace       used 120033K, committed 121472K, reserved 1179648K
  class space    used 16525K, committed 17216K, reserved 1048576K
}
Event: 56.053 GC heap before
{Heap before GC invocations=60 (full 0):
 garbage-first heap   total 540672K, used 427774K [0x0000000600000000, 0x0000000800000000)
  region size 4096K, 53 young (217088K), 5 survivors (20480K)
 Metaspace       used 127244K, committed 128832K, reserved 1179648K
  class space    used 17519K, committed 18240K, reserved 1048576K
}
Event: 56.109 GC heap after
{Heap after GC invocations=61 (full 0):
 garbage-first heap   total 540672K, used 255512K [0x0000000600000000, 0x0000000800000000)
  region size 4096K, 7 young (28672K), 7 survivors (28672K)
 Metaspace       used 127244K, committed 128832K, reserved 1179648K
  class space    used 17519K, committed 18240K, reserved 1048576K
}
Event: 57.005 GC heap before
{Heap before GC invocations=61 (full 0):
 garbage-first heap   total 540672K, used 431640K [0x0000000600000000, 0x0000000800000000)
  region size 4096K, 50 young (204800K), 7 survivors (28672K)
 Metaspace       used 130754K, committed 132352K, reserved 1179648K
  class space    used 18076K, committed 18816K, reserved 1048576K
}
Event: 57.269 GC heap after
{Heap after GC invocations=62 (full 0):
 garbage-first heap   total 540672K, used 284894K [0x0000000600000000, 0x0000000800000000)
  region size 4096K, 7 young (28672K), 7 survivors (28672K)
 Metaspace       used 130754K, committed 132352K, reserved 1179648K
  class space    used 18076K, committed 18816K, reserved 1048576K
}
Event: 58.235 GC heap before
{Heap before GC invocations=62 (full 0):
 garbage-first heap   total 540672K, used 432350K [0x0000000600000000, 0x0000000800000000)
  region size 4096K, 43 young (176128K), 7 survivors (28672K)
 Metaspace       used 133703K, committed 135296K, reserved 1179648K
  class space    used 18636K, committed 19392K, reserved 1048576K
}
Event: 58.339 GC heap after
{Heap after GC invocations=63 (full 0):
 garbage-first heap   total 540672K, used 308262K [0x0000000600000000, 0x0000000800000000)
  region size 4096K, 6 young (24576K), 6 survivors (24576K)
 Metaspace       used 133703K, committed 135296K, reserved 1179648K
  class space    used 18636K, committed 19392K, reserved 1048576K
}
Event: 60.415 GC heap before
{Heap before GC invocations=63 (full 0):
 garbage-first heap   total 540672K, used 435238K [0x0000000600000000, 0x0000000800000000)
  region size 4096K, 37 young (151552K), 6 survivors (24576K)
 Metaspace       used 138978K, committed 140544K, reserved 1179648K
  class space    used 19431K, committed 20160K, reserved 1048576K
}
Event: 60.568 GC heap after
{Heap after GC invocations=64 (full 0):
 garbage-first heap   total 540672K, used 317136K [0x0000000600000000, 0x0000000800000000)
  region size 4096K, 2 young (8192K), 2 survivors (8192K)
 Metaspace       used 138978K, committed 140544K, reserved 1179648K
  class space    used 19431K, committed 20160K, reserved 1048576K
}
Event: 62.819 GC heap before
{Heap before GC invocations=64 (full 0):
 garbage-first heap   total 692224K, used 444112K [0x0000000600000000, 0x0000000800000000)
  region size 4096K, 33 young (135168K), 2 survivors (8192K)
 Metaspace       used 139388K, committed 140928K, reserved 1179648K
  class space    used 19454K, committed 20160K, reserved 1048576K
}

