# JRE version: Java(TM) SE Runtime Environment (17.0.12+8) (build 17.0.12+8-LTS-286)
# Java VM: Java HotSpot(TM) 64-Bit Server VM (17.0.12+8-LTS-286, mixed mode, sharing, tiered, compressed oops, compressed class ptrs, g1 gc, windows-amd64)
GC Precious Log:
 CPUs: 8 total, 8 available
 Memory: 8108M
 Large Page Support: Disabled
 NUMA Support: Disabled
 Compressed Oops: Enabled (32-bit)
 Heap Region Size: 1M
 Heap Min Capacity: 8M
 Heap Initial Capacity: 128M
 Heap Max Capacity: 2G
 Pre-touch: Disabled
 Parallel Workers: 8
 Concurrent Workers: 2
 Concurrent Refinement Workers: 8
 Periodic GC: Disabled
Heap:
 garbage-first heap   total 185344K, used 131094K [0x0000000080000000, 0x0000000100000000)
  region size 1024K, 54 young (55296K), 2 survivors (2048K)
 Metaspace       used 71550K, committed 72256K, reserved 491520K
  class space    used 10209K, committed 10560K, reserved 425984K
GC Heap History (20 events):
Event: 30.438 GC heap before
{Heap before GC invocations=28 (full 0):
 garbage-first heap   total 94208K, used 77210K [0x0000000080000000, 0x0000000100000000)
  region size 1024K, 26 young (26624K), 4 survivors (4096K)
 Metaspace       used 63079K, committed 63680K, reserved 491520K
  class space    used 9047K, committed 9344K, reserved 425984K
}
Event: 30.445 GC heap after
{Heap after GC invocations=29 (full 0):
 garbage-first heap   total 94208K, used 55868K [0x0000000080000000, 0x0000000100000000)
  region size 1024K, 3 young (3072K), 3 survivors (3072K)
 Metaspace       used 63079K, committed 63680K, reserved 491520K
  class space    used 9047K, committed 9344K, reserved 425984K
}
Event: 31.297 GC heap before
{Heap before GC invocations=30 (full 0):
 garbage-first heap   total 99328K, used 77372K [0x0000000080000000, 0x0000000100000000)
  region size 1024K, 25 young (25600K), 3 survivors (3072K)
 Metaspace       used 64860K, committed 65472K, reserved 491520K
  class space    used 9369K, committed 9664K, reserved 425984K
}
Event: 31.304 GC heap after
{Heap after GC invocations=31 (full 0):
 garbage-first heap   total 99328K, used 57629K [0x0000000080000000, 0x0000000100000000)
  region size 1024K, 3 young (3072K), 3 survivors (3072K)
 Metaspace       used 64860K, committed 65472K, reserved 491520K
  class space    used 9369K, committed 9664K, reserved 425984K
}
Event: 32.469 GC heap before
{Heap before GC invocations=31 (full 0):
 garbage-first heap   total 99328K, used 83229K [0x0000000080000000, 0x0000000100000000)
  region size 1024K, 28 young (28672K), 3 survivors (3072K)
 Metaspace       used 66098K, committed 66688K, reserved 491520K
  class space    used 9576K, committed 9856K, reserved 425984K
}
Event: 32.475 GC heap after
{Heap after GC invocations=32 (full 0):
 garbage-first heap   total 99328K, used 60052K [0x0000000080000000, 0x0000000100000000)
  region size 1024K, 4 young (4096K), 4 survivors (4096K)
 Metaspace       used 66098K, committed 66688K, reserved 491520K
  class space    used 9576K, committed 9856K, reserved 425984K
}
Event: 34.365 GC heap before
{Heap before GC invocations=33 (full 0):
 garbage-first heap   total 104448K, used 80532K [0x0000000080000000, 0x0000000100000000)
  region size 1024K, 25 young (25600K), 4 survivors (4096K)
 Metaspace       used 67238K, committed 67840K, reserved 491520K
  class space    used 9687K, committed 9984K, reserved 425984K
}
Event: 34.377 GC heap after
{Heap after GC invocations=34 (full 0):
 garbage-first heap   total 104448K, used 62610K [0x0000000080000000, 0x0000000100000000)
  region size 1024K, 3 young (3072K), 3 survivors (3072K)
 Metaspace       used 67238K, committed 67840K, reserved 491520K
  class space    used 9687K, committed 9984K, reserved 425984K
}
Event: 34.970 GC heap before
{Heap before GC invocations=34 (full 0):
 garbage-first heap   total 104448K, used 84114K [0x0000000080000000, 0x0000000100000000)
  region size 1024K, 25 young (25600K), 3 survivors (3072K)
 Metaspace       used 67489K, committed 68160K, reserved 491520K
  class space    used 9694K, committed 9984K, reserved 425984K
}
Event: 34.977 GC heap after
{Heap after GC invocations=35 (full 0):
 garbage-first heap   total 104448K, used 64426K [0x0000000080000000, 0x0000000100000000)
  region size 1024K, 2 young (2048K), 2 survivors (2048K)
 Metaspace       used 67489K, committed 68160K, reserved 491520K
  class space    used 9694K, committed 9984K, reserved 425984K
}
Event: 35.417 GC heap before
{Heap before GC invocations=36 (full 0):
 garbage-first heap   total 117760K, used 85930K [0x0000000080000000, 0x0000000100000000)
  region size 1024K, 24 young (24576K), 2 survivors (2048K)
 Metaspace       used 67550K, committed 68160K, reserved 491520K
  class space    used 9696K, committed 9984K, reserved 425984K
}
Event: 35.421 GC heap after
{Heap after GC invocations=37 (full 0):
 garbage-first heap   total 117760K, used 65065K [0x0000000080000000, 0x0000000100000000)
  region size 1024K, 3 young (3072K), 3 survivors (3072K)
 Metaspace       used 67550K, committed 68160K, reserved 491520K
  class space    used 9696K, committed 9984K, reserved 425984K
}
Event: 35.871 GC heap before
{Heap before GC invocations=37 (full 0):
 garbage-first heap   total 117760K, used 95785K [0x0000000080000000, 0x0000000100000000)
  region size 1024K, 34 young (34816K), 3 survivors (3072K)
 Metaspace       used 67555K, committed 68160K, reserved 491520K
  class space    used 9696K, committed 9984K, reserved 425984K
}
Event: 35.876 GC heap after
{Heap after GC invocations=38 (full 0):
 garbage-first heap   total 117760K, used 66338K [0x0000000080000000, 0x0000000100000000)
  region size 1024K, 4 young (4096K), 4 survivors (4096K)
 Metaspace       used 67555K, committed 68160K, reserved 491520K
  class space    used 9696K, committed 9984K, reserved 425984K
}
Event: 36.711 GC heap before
{Heap before GC invocations=39 (full 0):
 garbage-first heap   total 117760K, used 97058K [0x0000000080000000, 0x0000000100000000)
  region size 1024K, 35 young (35840K), 4 survivors (4096K)
 Metaspace       used 67557K, committed 68160K, reserved 491520K
  class space    used 9696K, committed 9984K, reserved 425984K
}
Event: 36.716 GC heap after
{Heap after GC invocations=40 (full 0):
 garbage-first heap   total 117760K, used 67503K [0x0000000080000000, 0x0000000100000000)
  region size 1024K, 4 young (4096K), 4 survivors (4096K)
 Metaspace       used 67557K, committed 68160K, reserved 491520K
  class space    used 9696K, committed 9984K, reserved 425984K
}
Event: 36.734 GC heap before
{Heap before GC invocations=40 (full 0):
 garbage-first heap   total 117760K, used 68527K [0x0000000080000000, 0x0000000100000000)
  region size 1024K, 5 young (5120K), 4 survivors (4096K)
 Metaspace       used 67561K, committed 68224K, reserved 491520K
  class space    used 9696K, committed 9984K, reserved 425984K
}
Event: 36.738 GC heap after
{Heap after GC invocations=41 (full 0):
 garbage-first heap   total 117760K, used 67933K [0x0000000080000000, 0x0000000100000000)
  region size 1024K, 1 young (1024K), 1 survivors (1024K)
 Metaspace       used 67561K, committed 68224K, reserved 491520K
  class space    used 9696K, committed 9984K, reserved 425984K
}
Event: 37.911 GC heap before
{Heap before GC invocations=41 (full 0):
 garbage-first heap   total 117760K, used 82269K [0x0000000080000000, 0x0000000100000000)
  region size 1024K, 16 young (16384K), 1 survivors (1024K)
 Metaspace       used 68698K, committed 69376K, reserved 491520K
  class space    used 9842K, committed 10176K, reserved 425984K
}
Event: 37.916 GC heap after
{Heap after GC invocations=42 (full 0):
 garbage-first heap   total 185344K, used 68630K [0x0000000080000000, 0x0000000100000000)
  region size 1024K, 2 young (2048K), 2 survivors (2048K)
 Metaspace       used 68698K, committed 69376K, reserved 491520K
  class space    used 9842K, committed 10176K, reserved 425984K
}

