# JRE version: Java(TM) SE Runtime Environment (17.0.12+8) (build 17.0.12+8-LTS-286)
# Java VM: Java HotSpot(TM) 64-Bit Server VM (17.0.12+8-LTS-286, mixed mode, sharing, tiered, compressed oops, compressed class ptrs, g1 gc, windows-amd64)
GC Precious Log:
 CPUs: 8 total, 8 available
 Memory: 8108M
 Large Page Support: Disabled
 NUMA Support: Disabled
 Compressed Oops: Enabled (Zero based)
 Heap Region Size: 4M
 Heap Min Capacity: 8M
 Heap Initial Capacity: 128M
 Heap Max Capacity: 8G
 Pre-touch: Disabled
 Parallel Workers: 8
 Concurrent Workers: 2
 Concurrent Refinement Workers: 8
 Periodic GC: Disabled
Heap:
 garbage-first heap   total 962560K, used 312995K [0x0000000600000000, 0x0000000800000000)
  region size 4096K, 1 young (4096K), 1 survivors (4096K)
 Metaspace       used 179710K, committed 181632K, reserved 1245184K
  class space    used 23569K, committed 24448K, reserved 1048576K
GC Heap History (20 events):
Event: 319.645 GC heap after
{Heap after GC invocations=91 (full 0):
 garbage-first heap   total 847872K, used 260755K [0x0000000600000000, 0x0000000800000000)
  region size 4096K, 9 young (36864K), 9 survivors (36864K)
 Metaspace       used 149687K, committed 151360K, reserved 1245184K
  class space    used 19681K, committed 20480K, reserved 1048576K
}
Event: 319.691 GC heap before
{Heap before GC invocations=91 (full 0):
 garbage-first heap   total 847872K, used 264851K [0x0000000600000000, 0x0000000800000000)
  region size 4096K, 10 young (40960K), 9 survivors (36864K)
 Metaspace       used 149707K, committed 151424K, reserved 1245184K
  class space    used 19681K, committed 20480K, reserved 1048576K
}
Event: 320.014 GC heap after
{Heap after GC invocations=92 (full 0):
 garbage-first heap   total 847872K, used 253771K [0x0000000600000000, 0x0000000800000000)
  region size 4096K, 1 young (4096K), 1 survivors (4096K)
 Metaspace       used 149707K, committed 151424K, reserved 1245184K
  class space    used 19681K, committed 20480K, reserved 1048576K
}
Event: 324.230 GC heap before
{Heap before GC invocations=92 (full 0):
 garbage-first heap   total 847872K, used 417611K [0x0000000600000000, 0x0000000800000000)
  region size 4096K, 42 young (172032K), 1 survivors (4096K)
 Metaspace       used 150556K, committed 152256K, reserved 1245184K
  class space    used 19730K, committed 20480K, reserved 1048576K
}
Event: 324.258 GC heap after
{Heap after GC invocations=93 (full 0):
 garbage-first heap   total 847872K, used 265916K [0x0000000600000000, 0x0000000800000000)
  region size 4096K, 4 young (16384K), 4 survivors (16384K)
 Metaspace       used 150556K, committed 152256K, reserved 1245184K
  class space    used 19730K, committed 20480K, reserved 1048576K
}
Event: 327.609 GC heap before
{Heap before GC invocations=93 (full 0):
 garbage-first heap   total 847872K, used 413372K [0x0000000600000000, 0x0000000800000000)
  region size 4096K, 40 young (163840K), 4 survivors (16384K)
 Metaspace       used 154751K, committed 156480K, reserved 1245184K
  class space    used 20076K, committed 20864K, reserved 1048576K
}
Event: 327.650 GC heap after
{Heap after GC invocations=94 (full 0):
 garbage-first heap   total 847872K, used 274356K [0x0000000600000000, 0x0000000800000000)
  region size 4096K, 3 young (12288K), 3 survivors (12288K)
 Metaspace       used 154751K, committed 156480K, reserved 1245184K
  class space    used 20076K, committed 20864K, reserved 1048576K
}
Event: 337.315 GC heap before
{Heap before GC invocations=94 (full 0):
 garbage-first heap   total 847872K, used 700340K [0x0000000600000000, 0x0000000800000000)
  region size 4096K, 62 young (253952K), 3 survivors (12288K)
 Metaspace       used 172755K, committed 174656K, reserved 1245184K
  class space    used 22890K, committed 23744K, reserved 1048576K
}
Event: 337.453 GC heap after
{Heap after GC invocations=95 (full 0):
 garbage-first heap   total 847872K, used 284785K [0x0000000600000000, 0x0000000800000000)
  region size 4096K, 5 young (20480K), 5 survivors (20480K)
 Metaspace       used 172755K, committed 174656K, reserved 1245184K
  class space    used 22890K, committed 23744K, reserved 1048576K
}
Event: 340.668 GC heap before
{Heap before GC invocations=95 (full 0):
 garbage-first heap   total 847872K, used 489585K [0x0000000600000000, 0x0000000800000000)
  region size 4096K, 55 young (225280K), 5 survivors (20480K)
 Metaspace       used 175672K, committed 177536K, reserved 1245184K
  class space    used 23228K, committed 24064K, reserved 1048576K
}
Event: 340.702 GC heap after
{Heap after GC invocations=96 (full 0):
 garbage-first heap   total 847872K, used 285318K [0x0000000600000000, 0x0000000800000000)
  region size 4096K, 1 young (4096K), 1 survivors (4096K)
 Metaspace       used 175672K, committed 177536K, reserved 1245184K
  class space    used 23228K, committed 24064K, reserved 1048576K
}
Event: 344.458 GC heap before
{Heap before GC invocations=96 (full 0):
 garbage-first heap   total 847872K, used 670342K [0x0000000600000000, 0x0000000800000000)
  region size 4096K, 96 young (393216K), 1 survivors (4096K)
 Metaspace       used 176491K, committed 178368K, reserved 1245184K
  class space    used 23282K, committed 24128K, reserved 1048576K
}
Event: 344.530 GC heap after
{Heap after GC invocations=97 (full 0):
 garbage-first heap   total 847872K, used 285315K [0x0000000600000000, 0x0000000800000000)
  region size 4096K, 1 young (4096K), 1 survivors (4096K)
 Metaspace       used 176491K, committed 178368K, reserved 1245184K
  class space    used 23282K, committed 24128K, reserved 1048576K
}
Event: 373.377 GC heap before
{Heap before GC invocations=97 (full 0):
 garbage-first heap   total 847872K, used 682627K [0x0000000600000000, 0x0000000800000000)
  region size 4096K, 99 young (405504K), 1 survivors (4096K)
 Metaspace       used 177351K, committed 179200K, reserved 1245184K
  class space    used 23355K, committed 24192K, reserved 1048576K
}
Event: 373.655 GC heap after
{Heap after GC invocations=98 (full 0):
 garbage-first heap   total 847872K, used 288271K [0x0000000600000000, 0x0000000800000000)
  region size 4096K, 2 young (8192K), 2 survivors (8192K)
 Metaspace       used 177351K, committed 179200K, reserved 1245184K
  class space    used 23355K, committed 24192K, reserved 1048576K
}
Event: 376.442 GC heap before
{Heap before GC invocations=98 (full 0):
 garbage-first heap   total 847872K, used 448015K [0x0000000600000000, 0x0000000800000000)
  region size 4096K, 42 young (172032K), 2 survivors (8192K)
 Metaspace       used 179594K, committed 181504K, reserved 1245184K
  class space    used 23567K, committed 24448K, reserved 1048576K
}
Event: 376.495 GC heap after
{Heap after GC invocations=99 (full 0):
 garbage-first heap   total 847872K, used 293015K [0x0000000600000000, 0x0000000800000000)
  region size 4096K, 3 young (12288K), 3 survivors (12288K)
 Metaspace       used 179594K, committed 181504K, reserved 1245184K
  class space    used 23567K, committed 24448K, reserved 1048576K
}
Event: 376.914 GC heap before
{Heap before GC invocations=99 (full 0):
 garbage-first heap   total 847872K, used 419991K [0x0000000600000000, 0x0000000800000000)
  region size 4096K, 35 young (143360K), 3 survivors (12288K)
 Metaspace       used 179695K, committed 181568K, reserved 1245184K
  class space    used 23569K, committed 24448K, reserved 1048576K
}
Event: 376.991 GC heap after
{Heap after GC invocations=100 (full 0):
 garbage-first heap   total 847872K, used 309445K [0x0000000600000000, 0x0000000800000000)
  region size 4096K, 5 young (20480K), 5 survivors (20480K)
 Metaspace       used 179695K, committed 181568K, reserved 1245184K
  class space    used 23569K, committed 24448K, reserved 1048576K
}
Event: 377.044 GC heap before
{Heap before GC invocations=100 (full 0):
 garbage-first heap   total 847872K, used 329925K [0x0000000600000000, 0x0000000800000000)
  region size 4096K, 10 young (40960K), 5 survivors (20480K)
 Metaspace       used 179710K, committed 181632K, reserved 1245184K
  class space    used 23569K, committed 24448K, reserved 1048576K
}

