# JRE version: Java(TM) SE Runtime Environment (17.0.12+8) (build 17.0.12+8-LTS-286)
# Java VM: Java HotSpot(TM) 64-Bit Server VM (17.0.12+8-LTS-286, mixed mode, sharing, tiered, compressed oops, compressed class ptrs, g1 gc, windows-amd64)
GC Precious Log:
 CPUs: 8 total, 8 available
 Memory: 8108M
 Large Page Support: Disabled
 NUMA Support: Disabled
 Compressed Oops: Enabled (32-bit)
 Heap Region Size: 1M
 Heap Min Capacity: 8M
 Heap Initial Capacity: 128M
 Heap Max Capacity: 2028M
 Pre-touch: Disabled
 Parallel Workers: 8
 Concurrent Workers: 2
 Concurrent Refinement Workers: 8
 Periodic GC: Disabled
Heap:
 garbage-first heap   total 161792K, used 74429K [0x0000000081400000, 0x0000000100000000)
  region size 1024K, 29 young (29696K), 1 survivors (1024K)
 Metaspace       used 54020K, committed 54400K, reserved 1114112K
  class space    used 6031K, committed 6208K, reserved 1048576K
GC Heap History (20 events):
Event: 16.207 GC heap before
{Heap before GC invocations=8 (full 0):
 garbage-first heap   total 64512K, used 28955K [0x0000000081400000, 0x0000000100000000)
  region size 1024K, 12 young (12288K), 4 survivors (4096K)
 Metaspace       used 35731K, committed 35968K, reserved 1114112K
  class space    used 4283K, committed 4416K, reserved 1048576K
}
Event: 16.220 GC heap after
{Heap after GC invocations=9 (full 0):
 garbage-first heap   total 64512K, used 24841K [0x0000000081400000, 0x0000000100000000)
  region size 1024K, 3 young (3072K), 3 survivors (3072K)
 Metaspace       used 35731K, committed 35968K, reserved 1114112K
  class space    used 4283K, committed 4416K, reserved 1048576K
}
Event: 16.624 GC heap before
{Heap before GC invocations=10 (full 0):
 garbage-first heap   total 64512K, used 44297K [0x0000000081400000, 0x0000000100000000)
  region size 1024K, 22 young (22528K), 3 survivors (3072K)
 Metaspace       used 36627K, committed 36928K, reserved 1114112K
  class space    used 4378K, committed 4544K, reserved 1048576K
}
Event: 16.639 GC heap after
{Heap after GC invocations=11 (full 0):
 garbage-first heap   total 64512K, used 30638K [0x0000000081400000, 0x0000000100000000)
  region size 1024K, 3 young (3072K), 3 survivors (3072K)
 Metaspace       used 36627K, committed 36928K, reserved 1114112K
  class space    used 4378K, committed 4544K, reserved 1048576K
}
Event: 16.672 GC heap before
{Heap before GC invocations=11 (full 0):
 garbage-first heap   total 64512K, used 31662K [0x0000000081400000, 0x0000000100000000)
  region size 1024K, 4 young (4096K), 3 survivors (3072K)
 Metaspace       used 36779K, committed 37056K, reserved 1114112K
  class space    used 4399K, committed 4544K, reserved 1048576K
}
Event: 16.681 GC heap after
{Heap after GC invocations=12 (full 0):
 garbage-first heap   total 64512K, used 31781K [0x0000000081400000, 0x0000000100000000)
  region size 1024K, 1 young (1024K), 1 survivors (1024K)
 Metaspace       used 36779K, committed 37056K, reserved 1114112K
  class space    used 4399K, committed 4544K, reserved 1048576K
}
Event: 17.089 GC heap before
{Heap before GC invocations=12 (full 0):
 garbage-first heap   total 64512K, used 45093K [0x0000000081400000, 0x0000000100000000)
  region size 1024K, 15 young (15360K), 1 survivors (1024K)
 Metaspace       used 39864K, committed 40128K, reserved 1114112K
  class space    used 4730K, committed 4864K, reserved 1048576K
}
Event: 17.095 GC heap after
{Heap after GC invocations=13 (full 0):
 garbage-first heap   total 64512K, used 32623K [0x0000000081400000, 0x0000000100000000)
  region size 1024K, 2 young (2048K), 2 survivors (2048K)
 Metaspace       used 39864K, committed 40128K, reserved 1114112K
  class space    used 4730K, committed 4864K, reserved 1048576K
}
Event: 18.370 GC heap before
{Heap before GC invocations=14 (full 0):
 garbage-first heap   total 64512K, used 46959K [0x0000000081400000, 0x0000000100000000)
  region size 1024K, 16 young (16384K), 2 survivors (2048K)
 Metaspace       used 41956K, committed 42304K, reserved 1114112K
  class space    used 5003K, committed 5184K, reserved 1048576K
}
Event: 18.382 GC heap after
{Heap after GC invocations=15 (full 0):
 garbage-first heap   total 64512K, used 34816K [0x0000000081400000, 0x0000000100000000)
  region size 1024K, 2 young (2048K), 2 survivors (2048K)
 Metaspace       used 41956K, committed 42304K, reserved 1114112K
  class space    used 5003K, committed 5184K, reserved 1048576K
}
Event: 19.621 GC heap before
{Heap before GC invocations=15 (full 0):
 garbage-first heap   total 64512K, used 49152K [0x0000000081400000, 0x0000000100000000)
  region size 1024K, 16 young (16384K), 2 survivors (2048K)
 Metaspace       used 42955K, committed 43264K, reserved 1114112K
  class space    used 5079K, committed 5248K, reserved 1048576K
}
Event: 19.635 GC heap after
{Heap after GC invocations=16 (full 0):
 garbage-first heap   total 64512K, used 38148K [0x0000000081400000, 0x0000000100000000)
  region size 1024K, 2 young (2048K), 2 survivors (2048K)
 Metaspace       used 42955K, committed 43264K, reserved 1114112K
  class space    used 5079K, committed 5248K, reserved 1048576K
}
Event: 19.794 GC heap before
{Heap before GC invocations=17 (full 0):
 garbage-first heap   total 80896K, used 49412K [0x0000000081400000, 0x0000000100000000)
  region size 1024K, 13 young (13312K), 2 survivors (2048K)
 Metaspace       used 43019K, committed 43328K, reserved 1114112K
  class space    used 5081K, committed 5248K, reserved 1048576K
}
Event: 19.809 GC heap after
{Heap after GC invocations=18 (full 0):
 garbage-first heap   total 80896K, used 41773K [0x0000000081400000, 0x0000000100000000)
  region size 1024K, 2 young (2048K), 2 survivors (2048K)
 Metaspace       used 43019K, committed 43328K, reserved 1114112K
  class space    used 5081K, committed 5248K, reserved 1048576K
}
Event: 22.945 GC heap before
{Heap before GC invocations=18 (full 0):
 garbage-first heap   total 80896K, used 60205K [0x0000000081400000, 0x0000000100000000)
  region size 1024K, 20 young (20480K), 2 survivors (2048K)
 Metaspace       used 44208K, committed 44480K, reserved 1114112K
  class space    used 5121K, committed 5248K, reserved 1048576K
}
Event: 22.968 GC heap after
{Heap after GC invocations=19 (full 0):
 garbage-first heap   total 80896K, used 45679K [0x0000000081400000, 0x0000000100000000)
  region size 1024K, 3 young (3072K), 3 survivors (3072K)
 Metaspace       used 44208K, committed 44480K, reserved 1114112K
  class space    used 5121K, committed 5248K, reserved 1048576K
}
Event: 24.947 GC heap before
{Heap before GC invocations=20 (full 0):
 garbage-first heap   total 80896K, used 60015K [0x0000000081400000, 0x0000000100000000)
  region size 1024K, 19 young (19456K), 3 survivors (3072K)
 Metaspace       used 47481K, committed 47808K, reserved 1114112K
  class space    used 5449K, committed 5632K, reserved 1048576K
}
Event: 24.966 GC heap after
{Heap after GC invocations=21 (full 0):
 garbage-first heap   total 161792K, used 46421K [0x0000000081400000, 0x0000000100000000)
  region size 1024K, 2 young (2048K), 2 survivors (2048K)
 Metaspace       used 47481K, committed 47808K, reserved 1114112K
  class space    used 5449K, committed 5632K, reserved 1048576K
}
Event: 25.539 GC heap before
{Heap before GC invocations=21 (full 0):
 garbage-first heap   total 161792K, used 50517K [0x0000000081400000, 0x0000000100000000)
  region size 1024K, 7 young (7168K), 2 survivors (2048K)
 Metaspace       used 47923K, committed 48192K, reserved 1114112K
  class space    used 5477K, committed 5632K, reserved 1048576K
}
Event: 25.551 GC heap after
{Heap after GC invocations=22 (full 0):
 garbage-first heap   total 161792K, used 46781K [0x0000000081400000, 0x0000000100000000)
  region size 1024K, 1 young (1024K), 1 survivors (1024K)
 Metaspace       used 47923K, committed 48192K, reserved 1114112K
  class space    used 5477K, committed 5632K, reserved 1048576K
}

